<?xml version="1.0" encoding="UTF-8"?>
<testng-results ignored="0" total="3" passed="3" failed="0" skipped="0">
  <reporter-output>
  </reporter-output>
  <suite started-at="2022-05-08T17:58:14 IST" name="Default suite" finished-at="2022-05-08T17:58:15 IST" duration-ms="113">
    <groups>
    </groups>
    <test started-at="2022-05-08T17:58:14 IST" name="Default test" finished-at="2022-05-08T17:58:15 IST" duration-ms="113">
      <class name="TestCases.Test1">
        <test-method signature="Test1()[pri:0, instance:TestCases.Test1@6fd83fc1]" started-at="2022-05-08T17:58:14 IST" name="Test1" finished-at="2022-05-08T17:58:15 IST" duration-ms="24" status="PASS">
          <reporter-output>
          </reporter-output>
        </test-method> <!-- Test1 -->
        <test-method signature="Test2()[pri:0, instance:TestCases.Test1@6fd83fc1]" started-at="2022-05-08T17:58:15 IST" name="Test2" finished-at="2022-05-08T17:58:15 IST" duration-ms="3" status="PASS">
          <reporter-output>
          </reporter-output>
        </test-method> <!-- Test2 -->
        <test-method signature="Test3()[pri:0, instance:TestCases.Test1@6fd83fc1]" started-at="2022-05-08T17:58:15 IST" name="Test3" finished-at="2022-05-08T17:58:15 IST" duration-ms="3" status="PASS">
          <reporter-output>
          </reporter-output>
        </test-method> <!-- Test3 -->
      </class> <!-- TestCases.Test1 -->
    </test> <!-- Default test -->
  </suite> <!-- Default suite -->
</testng-results>
